;  LST file generated by mikroListExporter - v.2.0 
; Date/Time: 7/28/2023 8:10:39 PM
;----------------------------------------------

;Address Opcode 	ASM
0x0000	0x2816      	GOTO       22
_____DoICP:
;__Lib_System.c,6 :: 		
;__Lib_System.c,9 :: 		
0x0003	0x1283      	BCF        STATUS, 5
0x0004	0x1303      	BCF        STATUS, 6
0x0005	0x0823      	MOVF       ___DoICPAddr+1, 0
0x0006	0x008A      	MOVWF      PCLATH
;__Lib_System.c,10 :: 		
0x0007	0x0822      	MOVF       ___DoICPAddr, 0
0x0008	0x0082      	MOVWF      PCL
;__Lib_System.c,12 :: 		
L_end_____DoICP:
0x0009	0x0008      	RETURN
; end of _____DoICP
___CC2DW:
;__Lib_System.c,134 :: 		
;__Lib_System.c,137 :: 		
_CC2D_Loop1:
;__Lib_System.c,139 :: 		
0x000A	0x2003      	CALL       _____DoICP
0x000B	0x118A      	BCF        PCLATH, 3
0x000C	0x120A      	BCF        PCLATH, 4
;__Lib_System.c,141 :: 		
0x000D	0x0080      	MOVWF      INDF
;__Lib_System.c,142 :: 		
0x000E	0x0A84      	INCF       FSR, 1
;__Lib_System.c,143 :: 		
0x000F	0x0AA2      	INCF       ___DoICPAddr, 1
;__Lib_System.c,145 :: 		
0x0010	0x1903      	BTFSC      STATUS, 2
;__Lib_System.c,146 :: 		
0x0011	0x0AA3      	INCF       ___DoICPAddr+1, 1
;__Lib_System.c,147 :: 		
0x0012	0x03F0      	DECF       R0, 1
;__Lib_System.c,149 :: 		
0x0013	0x1D03      	BTFSS      STATUS, 2
;__Lib_System.c,150 :: 		
0x0014	0x280A      	GOTO       _CC2D_Loop1
;__Lib_System.c,152 :: 		
L_end___CC2DW:
0x0015	0x0008      	RETURN
; end of ___CC2DW
_main:
0x0016	0x1283      	BCF        STATUS, 5
0x0017	0x1303      	BCF        STATUS, 6
0x0018	0x01A0      	CLRF       _j
0x0019	0x01A1      	CLRF       _i
;fproject.c,3 :: 		void main() {
;fproject.c,4 :: 		ADCON1=0x07;
0x001A	0x3007      	MOVLW      7
0x001B	0x1683      	BSF        STATUS, 5
0x001C	0x009F      	MOVWF      ADCON1
;fproject.c,5 :: 		trisb=0x00;
0x001D	0x0186      	CLRF       TRISB
;fproject.c,6 :: 		trise=0x00;
0x001E	0x0189      	CLRF       TRISE
;fproject.c,7 :: 		trisc=0x00;
0x001F	0x0187      	CLRF       TRISC
;fproject.c,8 :: 		trisa=0xff;
0x0020	0x30FF      	MOVLW      255
0x0021	0x0085      	MOVWF      TRISA
;fproject.c,9 :: 		trisd=0x00;
0x0022	0x0188      	CLRF       TRISD
;fproject.c,10 :: 		while(1)
L_main0:
;fproject.c,13 :: 		while (porta.b0==0){
L_main2:
0x0023	0x1283      	BCF        STATUS, 5
0x0024	0x1805      	BTFSC      PORTA, 0
0x0025	0x2854      	GOTO       L_main3
;fproject.c,14 :: 		porte=0x00;
0x0026	0x0189      	CLRF       PORTE
;fproject.c,15 :: 		portc=0x00;
0x0027	0x0187      	CLRF       PORTC
;fproject.c,16 :: 		while(porta.b1==1)
L_main4:
0x0028	0x1C85      	BTFSS      PORTA, 1
0x0029	0x2830      	GOTO       L_main5
;fproject.c,18 :: 		porte.b0=1;
0x002A	0x1409      	BSF        PORTE, 0
;fproject.c,19 :: 		portc.b7=1;
0x002B	0x1787      	BSF        PORTC, 7
;fproject.c,20 :: 		if(porta.B0==1)
0x002C	0x1C05      	BTFSS      PORTA, 0
0x002D	0x282F      	GOTO       L_main6
;fproject.c,21 :: 		break;
0x002E	0x2830      	GOTO       L_main5
L_main6:
;fproject.c,23 :: 		}
0x002F	0x2828      	GOTO       L_main4
L_main5:
;fproject.c,24 :: 		while(porta.B2==1)
L_main7:
0x0030	0x1D05      	BTFSS      PORTA, 2
0x0031	0x2849      	GOTO       L_main8
;fproject.c,26 :: 		portc.B5=0;
0x0032	0x1287      	BCF        PORTC, 5
;fproject.c,27 :: 		porte.b2=0;
0x0033	0x1109      	BCF        PORTE, 2
;fproject.c,28 :: 		porte.B0=0;
0x0034	0x1009      	BCF        PORTE, 0
;fproject.c,29 :: 		portc.B7=0;
0x0035	0x1387      	BCF        PORTC, 7
;fproject.c,30 :: 		porte.B1=1;
0x0036	0x1489      	BSF        PORTE, 1
;fproject.c,31 :: 		portc.b6=1;
0x0037	0x1707      	BSF        PORTC, 6
;fproject.c,32 :: 		delay_ms(3000);
0x0038	0x301F      	MOVLW      31
0x0039	0x00FB      	MOVWF      R11
0x003A	0x3071      	MOVLW      113
0x003B	0x00FC      	MOVWF      R12
0x003C	0x301E      	MOVLW      30
0x003D	0x00FD      	MOVWF      R13
L_main9:
0x003E	0x0BFD      	DECFSZ     R13, 1
0x003F	0x283E      	GOTO       L_main9
0x0040	0x0BFC      	DECFSZ     R12, 1
0x0041	0x283E      	GOTO       L_main9
0x0042	0x0BFB      	DECFSZ     R11, 1
0x0043	0x283E      	GOTO       L_main9
0x0044	0x0000      	NOP
;fproject.c,33 :: 		if(porta.B0==1)
0x0045	0x1C05      	BTFSS      PORTA, 0
0x0046	0x2848      	GOTO       L_main10
;fproject.c,34 :: 		break;
0x0047	0x2849      	GOTO       L_main8
L_main10:
;fproject.c,35 :: 		}
0x0048	0x2830      	GOTO       L_main7
L_main8:
;fproject.c,36 :: 		while(porta.B3==1)
L_main11:
0x0049	0x1D85      	BTFSS      PORTA, 3
0x004A	0x2853      	GOTO       L_main12
;fproject.c,38 :: 		porte.B1=0 ;
0x004B	0x1089      	BCF        PORTE, 1
;fproject.c,39 :: 		portc.b6=0;
0x004C	0x1307      	BCF        PORTC, 6
;fproject.c,40 :: 		portc.b5=1;
0x004D	0x1687      	BSF        PORTC, 5
;fproject.c,41 :: 		porte.b2=1;
0x004E	0x1509      	BSF        PORTE, 2
;fproject.c,42 :: 		if(porta.B0==1)
0x004F	0x1C05      	BTFSS      PORTA, 0
0x0050	0x2852      	GOTO       L_main13
;fproject.c,43 :: 		break;
0x0051	0x2853      	GOTO       L_main12
L_main13:
;fproject.c,44 :: 		}
0x0052	0x2849      	GOTO       L_main11
L_main12:
;fproject.c,45 :: 		}
0x0053	0x2823      	GOTO       L_main2
L_main3:
;fproject.c,47 :: 		while (porta.B0==1){
L_main14:
0x0054	0x1C05      	BTFSS      PORTA, 0
0x0055	0x28F7      	GOTO       L_main15
;fproject.c,48 :: 		portc=0xff;
0x0056	0x30FF      	MOVLW      255
0x0057	0x0087      	MOVWF      PORTC
;fproject.c,49 :: 		j=2;
0x0058	0x3002      	MOVLW      2
0x0059	0x00A0      	MOVWF      _j
;fproject.c,50 :: 		i=3;
0x005A	0x3003      	MOVLW      3
0x005B	0x00A1      	MOVWF      _i
;fproject.c,51 :: 		porte.B2=0;
0x005C	0x1109      	BCF        PORTE, 2
;fproject.c,52 :: 		porte.B0=0;
0x005D	0x1009      	BCF        PORTE, 0
;fproject.c,53 :: 		portc.b5=1;
0x005E	0x1687      	BSF        PORTC, 5
;fproject.c,54 :: 		portc.B6=0;
0x005F	0x1307      	BCF        PORTC, 6
;fproject.c,55 :: 		portc.b7=0;
0x0060	0x1387      	BCF        PORTC, 7
;fproject.c,57 :: 		for(j;j>=0;j--)
L_main16:
0x0061	0x3000      	MOVLW      0
0x0062	0x0220      	SUBWF      _j, 0
0x0063	0x1C03      	BTFSS      STATUS, 0
0x0064	0x28AE      	GOTO       L_main17
;fproject.c,59 :: 		portb=j;
0x0065	0x0820      	MOVF       _j, 0
0x0066	0x0086      	MOVWF      PORTB
;fproject.c,60 :: 		for(i;i>-1;i--)
L_main19:
0x0067	0x307F      	MOVLW      127
0x0068	0x00F0      	MOVWF      R0
0x0069	0x3080      	MOVLW      128
0x006A	0x0270      	SUBWF      R0, 0
0x006B	0x1D03      	BTFSS      STATUS, 2
0x006C	0x286F      	GOTO       L__main54
0x006D	0x0821      	MOVF       _i, 0
0x006E	0x3CFF      	SUBLW      255
L__main54:
0x006F	0x1803      	BTFSC      STATUS, 0
0x0070	0x289E      	GOTO       L_main20
;fproject.c,62 :: 		if(porta.B0==0)
0x0071	0x1805      	BTFSC      PORTA, 0
0x0072	0x2874      	GOTO       L_main22
;fproject.c,63 :: 		break;
0x0073	0x289E      	GOTO       L_main20
L_main22:
;fproject.c,64 :: 		if(i==3&&j==2)
0x0074	0x0821      	MOVF       _i, 0
0x0075	0x3A03      	XORLW      3
0x0076	0x1D03      	BTFSS      STATUS, 2
0x0077	0x287D      	GOTO       L_main25
0x0078	0x0820      	MOVF       _j, 0
0x0079	0x3A02      	XORLW      2
0x007A	0x1D03      	BTFSS      STATUS, 2
0x007B	0x287D      	GOTO       L_main25
L__main52:
;fproject.c,65 :: 		porte.b1=1;
0x007C	0x1489      	BSF        PORTE, 1
L_main25:
;fproject.c,66 :: 		if(j==2&&i==0)
0x007D	0x0820      	MOVF       _j, 0
0x007E	0x3A02      	XORLW      2
0x007F	0x1D03      	BTFSS      STATUS, 2
0x0080	0x2887      	GOTO       L_main28
0x0081	0x0821      	MOVF       _i, 0
0x0082	0x3A00      	XORLW      0
0x0083	0x1D03      	BTFSS      STATUS, 2
0x0084	0x2887      	GOTO       L_main28
L__main51:
;fproject.c,68 :: 		porte.b1=0;
0x0085	0x1089      	BCF        PORTE, 1
;fproject.c,69 :: 		porte.b2=1;
0x0086	0x1509      	BSF        PORTE, 2
;fproject.c,70 :: 		}
L_main28:
;fproject.c,71 :: 		portd=i;
0x0087	0x0821      	MOVF       _i, 0
0x0088	0x0088      	MOVWF      PORTD
;fproject.c,72 :: 		delay_ms(1000);
0x0089	0x300B      	MOVLW      11
0x008A	0x00FB      	MOVWF      R11
0x008B	0x3026      	MOVLW      38
0x008C	0x00FC      	MOVWF      R12
0x008D	0x305D      	MOVLW      93
0x008E	0x00FD      	MOVWF      R13
L_main29:
0x008F	0x0BFD      	DECFSZ     R13, 1
0x0090	0x288F      	GOTO       L_main29
0x0091	0x0BFC      	DECFSZ     R12, 1
0x0092	0x288F      	GOTO       L_main29
0x0093	0x0BFB      	DECFSZ     R11, 1
0x0094	0x288F      	GOTO       L_main29
0x0095	0x0000      	NOP
0x0096	0x0000      	NOP
;fproject.c,73 :: 		if(i==0)
0x0097	0x0821      	MOVF       _i, 0
0x0098	0x3A00      	XORLW      0
0x0099	0x1D03      	BTFSS      STATUS, 2
0x009A	0x289C      	GOTO       L_main30
;fproject.c,74 :: 		break;
0x009B	0x289E      	GOTO       L_main20
L_main30:
;fproject.c,60 :: 		for(i;i>-1;i--)
0x009C	0x03A1      	DECF       _i, 1
;fproject.c,75 :: 		}
0x009D	0x2867      	GOTO       L_main19
L_main20:
;fproject.c,76 :: 		if(i==0)
0x009E	0x0821      	MOVF       _i, 0
0x009F	0x3A00      	XORLW      0
0x00A0	0x1D03      	BTFSS      STATUS, 2
0x00A1	0x28A4      	GOTO       L_main31
;fproject.c,77 :: 		i=9;
0x00A2	0x3009      	MOVLW      9
0x00A3	0x00A1      	MOVWF      _i
L_main31:
;fproject.c,78 :: 		if(j==0)
0x00A4	0x0820      	MOVF       _j, 0
0x00A5	0x3A00      	XORLW      0
0x00A6	0x1D03      	BTFSS      STATUS, 2
0x00A7	0x28A9      	GOTO       L_main32
;fproject.c,79 :: 		break;
0x00A8	0x28AE      	GOTO       L_main17
L_main32:
;fproject.c,80 :: 		if(porta.B0==0)
0x00A9	0x1805      	BTFSC      PORTA, 0
0x00AA	0x28AC      	GOTO       L_main33
;fproject.c,81 :: 		break;
0x00AB	0x28AE      	GOTO       L_main17
L_main33:
;fproject.c,57 :: 		for(j;j>=0;j--)
0x00AC	0x03A0      	DECF       _j, 1
;fproject.c,82 :: 		}
0x00AD	0x2861      	GOTO       L_main16
L_main17:
;fproject.c,83 :: 		if(porta.B0==0)
0x00AE	0x1805      	BTFSC      PORTA, 0
0x00AF	0x28B1      	GOTO       L_main34
;fproject.c,84 :: 		break;
0x00B0	0x28F7      	GOTO       L_main15
L_main34:
;fproject.c,85 :: 		porte.B0=1;
0x00B1	0x1409      	BSF        PORTE, 0
;fproject.c,86 :: 		portc.b5=0;
0x00B2	0x1287      	BCF        PORTC, 5
;fproject.c,87 :: 		porte.b2=0;
0x00B3	0x1109      	BCF        PORTE, 2
;fproject.c,88 :: 		portc.b6=1;
0x00B4	0x1707      	BSF        PORTC, 6
;fproject.c,89 :: 		j=1;
0x00B5	0x3001      	MOVLW      1
0x00B6	0x00A0      	MOVWF      _j
;fproject.c,90 :: 		i=5;
0x00B7	0x3005      	MOVLW      5
0x00B8	0x00A1      	MOVWF      _i
;fproject.c,91 :: 		for(j;j>=0;j--)
L_main35:
0x00B9	0x3000      	MOVLW      0
0x00BA	0x0220      	SUBWF      _j, 0
0x00BB	0x1C03      	BTFSS      STATUS, 0
0x00BC	0x28F3      	GOTO       L_main36
;fproject.c,93 :: 		portb=j;
0x00BD	0x0820      	MOVF       _j, 0
0x00BE	0x0086      	MOVWF      PORTB
;fproject.c,94 :: 		for(i;i>=0;i--)
L_main38:
0x00BF	0x3000      	MOVLW      0
0x00C0	0x0221      	SUBWF      _i, 0
0x00C1	0x1C03      	BTFSS      STATUS, 0
0x00C2	0x28E9      	GOTO       L_main39
;fproject.c,96 :: 		if(porta.B0==0)
0x00C3	0x1805      	BTFSC      PORTA, 0
0x00C4	0x28C6      	GOTO       L_main41
;fproject.c,97 :: 		break;
0x00C5	0x28E9      	GOTO       L_main39
L_main41:
;fproject.c,98 :: 		if(i==2&&j==1)
0x00C6	0x0821      	MOVF       _i, 0
0x00C7	0x3A02      	XORLW      2
0x00C8	0x1D03      	BTFSS      STATUS, 2
0x00C9	0x28D0      	GOTO       L_main44
0x00CA	0x0820      	MOVF       _j, 0
0x00CB	0x3A01      	XORLW      1
0x00CC	0x1D03      	BTFSS      STATUS, 2
0x00CD	0x28D0      	GOTO       L_main44
L__main50:
;fproject.c,100 :: 		portc.b6=0;
0x00CE	0x1307      	BCF        PORTC, 6
;fproject.c,101 :: 		portc.b7=1;
0x00CF	0x1787      	BSF        PORTC, 7
;fproject.c,102 :: 		}
L_main44:
;fproject.c,103 :: 		portd=i;
0x00D0	0x0821      	MOVF       _i, 0
0x00D1	0x0088      	MOVWF      PORTD
;fproject.c,104 :: 		delay_ms(1000);
0x00D2	0x300B      	MOVLW      11
0x00D3	0x00FB      	MOVWF      R11
0x00D4	0x3026      	MOVLW      38
0x00D5	0x00FC      	MOVWF      R12
0x00D6	0x305D      	MOVLW      93
0x00D7	0x00FD      	MOVWF      R13
L_main45:
0x00D8	0x0BFD      	DECFSZ     R13, 1
0x00D9	0x28D8      	GOTO       L_main45
0x00DA	0x0BFC      	DECFSZ     R12, 1
0x00DB	0x28D8      	GOTO       L_main45
0x00DC	0x0BFB      	DECFSZ     R11, 1
0x00DD	0x28D8      	GOTO       L_main45
0x00DE	0x0000      	NOP
0x00DF	0x0000      	NOP
;fproject.c,105 :: 		if(i==0)
0x00E0	0x0821      	MOVF       _i, 0
0x00E1	0x3A00      	XORLW      0
0x00E2	0x1D03      	BTFSS      STATUS, 2
0x00E3	0x28E7      	GOTO       L_main46
;fproject.c,107 :: 		i=9;
0x00E4	0x3009      	MOVLW      9
0x00E5	0x00A1      	MOVWF      _i
;fproject.c,108 :: 		break;
0x00E6	0x28E9      	GOTO       L_main39
;fproject.c,109 :: 		}
L_main46:
;fproject.c,94 :: 		for(i;i>=0;i--)
0x00E7	0x03A1      	DECF       _i, 1
;fproject.c,110 :: 		}
0x00E8	0x28BF      	GOTO       L_main38
L_main39:
;fproject.c,111 :: 		if(porta.B0==0)
0x00E9	0x1805      	BTFSC      PORTA, 0
0x00EA	0x28EC      	GOTO       L_main47
;fproject.c,112 :: 		break;
0x00EB	0x28F3      	GOTO       L_main36
L_main47:
;fproject.c,113 :: 		if(j==0)
0x00EC	0x0820      	MOVF       _j, 0
0x00ED	0x3A00      	XORLW      0
0x00EE	0x1D03      	BTFSS      STATUS, 2
0x00EF	0x28F1      	GOTO       L_main48
;fproject.c,114 :: 		break;
0x00F0	0x28F3      	GOTO       L_main36
L_main48:
;fproject.c,91 :: 		for(j;j>=0;j--)
0x00F1	0x03A0      	DECF       _j, 1
;fproject.c,115 :: 		}
0x00F2	0x28B9      	GOTO       L_main35
L_main36:
;fproject.c,116 :: 		if(porta.B0==0)
0x00F3	0x1805      	BTFSC      PORTA, 0
0x00F4	0x28F6      	GOTO       L_main49
;fproject.c,117 :: 		break;
0x00F5	0x28F7      	GOTO       L_main15
L_main49:
;fproject.c,118 :: 		}
0x00F6	0x2854      	GOTO       L_main14
L_main15:
;fproject.c,119 :: 		}
0x00F7	0x2823      	GOTO       L_main0
;fproject.c,120 :: 		}
L_end_main:
0x00F8	0x28F8      	GOTO       $+0
; end of _main
Symbol List:
//** Routines locations **
//ADDRESS    SIZE    PROCEDURE
//----------------------------------------------
0x0003       [7]    _____DoICP
0x000A      [12]    ___CC2DW
0x0016     [227]    _main
//** Variables locations ** 
//ADDRESS    SIZE    VARIABLE
//----------------------------------------------
0x0000       [1]    INDF
0x0002       [1]    PCL
0x0003       [1]    STATUS
0x0004       [1]    FSR
0x0005       [1]    PORTA
0x0006       [1]    PORTB
0x0007       [1]    PORTC
0x0008       [1]    PORTD
0x0009       [1]    PORTE
0x000A       [1]    PCLATH
0x0020       [1]    _j
0x0021       [1]    _i
0x0022       [2]    ___DoICPAddr
0x0070       [1]    R0
0x0071       [1]    R1
0x0072       [1]    R2
0x0073       [1]    R3
0x0074       [1]    R4
0x0075       [1]    R5
0x0076       [1]    R6
0x0077       [1]    R7
0x0078       [1]    R8
0x0079       [1]    R9
0x007A       [1]    R10
0x007B       [1]    R11
0x007C       [1]    R12
0x007D       [1]    R13
0x007E       [1]    R14
0x007F       [1]    R15
0x0085       [1]    TRISA
0x0086       [1]    TRISB
0x0087       [1]    TRISC
0x0088       [1]    TRISD
0x0089       [1]    TRISE
0x009F       [1]    ADCON1
//** Label List: ** 
//----------------------------------------------
  L_main0
  L_main1
  L_main2
  L_main3
  L_main4
  L_main5
  L_main6
  L_main7
  L_main8
  L_main9
  L_main10
  L_main11
  L_main12
  L_main13
  L_main14
  L_main15
  L_main16
  L_main17
  L_main18
  L_main19
  L_main20
  L_main21
  L_main22
  L_main23
  L_main24
  L_main25
  L_main26
  L_main27
  L_main28
  L_main29
  L_main30
  L_main31
  L_main32
  L_main33
  L_main34
  L_main35
  L_main36
  L_main37
  L_main38
  L_main39
  L_main40
  L_main41
  L_main42
  L_main43
  L_main44
  L_main45
  L_main46
  L_main47
  L_main48
  L_main49
  L__main50
  L__main51
  L__main52
  L_end_main
  _main
  L__main54
  L_loopCA2AWs
  L_CA2AWend
  _CCA2AW_Loop1
  L_loopCS2Ss
  L_CS2Send
  _CCS2S_Loop1
  L_CCS2Send
  L_loopFZinSWs
  L_FZinSend
  _CC2D_Loop1
  L_end_____DoICP
  _____DoICP
  L_end_____DoIFC
  _____DoIFC
  L_end___CA2AW
  ___CA2AW
  L_end___CCA2AW
  ___CCA2AW
  L_end___CS2S
  ___CS2S
  L_end___CCS2S
  ___CCS2S
  L_end___FZinS
  ___FZinS
  L_end___CC2DW
  ___CC2DW
  L_end_Swap
  _Swap
